\BOOKMARK [0][]{chapter*.1}{Resumen}{}% 1
\BOOKMARK [0][]{chapter*.2}{Abstract}{}% 2
\BOOKMARK [0][]{chapter*.6}{\315ndice general}{}% 3
\BOOKMARK [0][]{chapter*.7}{Lista de figuras}{}% 4
\BOOKMARK [0][]{chapter*.8}{Lista de tablas}{}% 5
\BOOKMARK [0][]{chapter.1}{1 Introducci\363n}{}% 6
\BOOKMARK [0][]{chapter.2}{2 Modelos de fracturas en el marco de la modelaci\363n geol\363gico-petrof\355sica de yacimientos}{}% 7
\BOOKMARK [1][]{section.2.1}{2.1 Modelaci\363n geol\363gico-petrof\355sica de yacimientos}{chapter.2}% 8
\BOOKMARK [2][]{subsection.2.1.1}{2.1.1 Modelo geol\363gico}{section.2.1}% 9
\BOOKMARK [3][]{subsubsection.2.1.1.1}{2.1.1.1 Geometr\355a y arquitectura del yacimiento}{subsection.2.1.1}% 10
\BOOKMARK [3][]{subsubsection.2.1.1.2}{2.1.1.2 Procedimiento para la construcci\363n del marco estructural en 3D}{subsection.2.1.1}% 11
\BOOKMARK [3][]{subsubsection.2.1.1.3}{2.1.1.3 Marco estratigr\341fico}{subsection.2.1.1}% 12
\BOOKMARK [3][]{subsubsection.2.1.1.4}{2.1.1.4 Modelo litol\363gico}{subsection.2.1.1}% 13
\BOOKMARK [3][]{subsubsection.2.1.1.5}{2.1.1.5 Modelado de heterogeneidades}{subsection.2.1.1}% 14
\BOOKMARK [2][]{subsection.2.1.2}{2.1.2 Modelo petrof\355sico}{section.2.1}% 15
\BOOKMARK [3][]{subsubsection.2.1.2.1}{2.1.2.1 Estimaci\363n de propiedades petrof\355sicas}{subsection.2.1.2}% 16
\BOOKMARK [3][]{subsubsection.2.1.2.2}{2.1.2.2 Metodolog\355a de simulaci\363n de propiedades petrof\355sicas y t\351cnicas geoestad\355sticas para modelar variables continuas}{subsection.2.1.2}% 17
\BOOKMARK [1][]{section.2.2}{2.2 Modelos de fracturas}{chapter.2}% 18
\BOOKMARK [2][]{subsection.2.2.1}{2.2.1 M\351todo Gaussiano truncado utilizando simulaci\363n indicador}{section.2.2}% 19
\BOOKMARK [2][]{subsection.2.2.2}{2.2.2 Modelo con geoestad\355stica multi-punto}{section.2.2}% 20
\BOOKMARK [2][]{subsection.2.2.3}{2.2.3 Modelos booleanos}{section.2.2}% 21
\BOOKMARK [0][]{chapter.3}{3 Modelos booleanos basados en objetos estoc\341sticos}{}% 22
\BOOKMARK [1][]{section.3.1}{3.1 Procesos puntuales}{chapter.3}% 23
\BOOKMARK [1][]{section.3.2}{3.2 Construcci\363n del modelo booleano}{chapter.3}% 24
\BOOKMARK [1][]{section.3.3}{3.3 El funcional que evita \(avoiding functional\) del modelo booleano}{chapter.3}% 25
\BOOKMARK [1][]{section.3.4}{3.4 Propiedades de estabilidad}{chapter.3}% 26
\BOOKMARK [1][]{section.3.5}{3.5 Simulaci\363n del modelo booleano}{chapter.3}% 27
\BOOKMARK [1][]{section.3.6}{3.6 El caso estacionario}{chapter.3}% 28
\BOOKMARK [0][]{chapter.4}{4 Estad\355stica de datos orientados}{}% 29
\BOOKMARK [1][]{section.4.1}{4.1 Variables aleatorias}{chapter.4}% 30
\BOOKMARK [1][]{section.4.2}{4.2 Variables orientadas}{chapter.4}% 31
\BOOKMARK [0][]{chapter.5}{5 Modelaci\363n de dependencias mediante la teor\355a de c\363pulas.}{}% 32
\BOOKMARK [1][]{section.5.1}{5.1 Generalidades}{chapter.5}% 33
\BOOKMARK [1][]{section.5.2}{5.2 C\363pulas bivariadas de Bernstein}{chapter.5}% 34
\BOOKMARK [1][]{section.5.3}{5.3 C\363pulas bivariadas para vectores aleatorios con componentes orientadas}{chapter.5}% 35
\BOOKMARK [1][]{section.5.4}{5.4 Simulaci\363n conjunta de variables aleatorias: caso bivariado}{chapter.5}% 36
\BOOKMARK [1][]{section.5.5}{5.5 Simulaci\363n conjunta de variables aleatorias: caso multivariado}{chapter.5}% 37
\BOOKMARK [1][]{section.5.6}{5.6 Vine c\363pulas: Caso trivariado}{chapter.5}% 38
\BOOKMARK [1][]{section.5.7}{5.7 C\363pulas de Bernstein: caso general multivariado}{chapter.5}% 39
\BOOKMARK [1][]{section.5.8}{5.8 C\363pulas multivariadas para vectores aleatorios con componentes orientadas}{chapter.5}% 40
\BOOKMARK [0][]{chapter.6}{6 Metodolog\355a de simulaci\363n de redes de fracturas discretas}{}% 41
\BOOKMARK [1][]{section.6.1}{6.1 An\341lisis, modelado y simulaci\363n de variables aleatorias}{chapter.6}% 42
\BOOKMARK [1][]{section.6.2}{6.2 An\341lisis, modelado y simulaci\363n de la estructura de dependencia entre variables aleatorias}{chapter.6}% 43
\BOOKMARK [1][]{section.6.3}{6.3 Diagrama de flujo para el an\341lisis, modelado y simulaci\363n de redes de fracturas discretas tomando en cuenta su estructura de dependencia}{chapter.6}% 44
\BOOKMARK [0][]{chapter.7}{7 Casos de estudio}{}% 45
\BOOKMARK [1][]{section.7.1}{7.1 Caso bivariado orientaci\363n-longitud}{chapter.7}% 46
\BOOKMARK [2][]{subsection.7.1.1}{7.1.1 Descripci\363n de los datos}{section.7.1}% 47
\BOOKMARK [2][]{subsection.7.1.2}{7.1.2 La metodolog\355a est\341ndar}{section.7.1}% 48
\BOOKMARK [2][]{subsection.7.1.3}{7.1.3 El enfoque con la c\363pula de Bernstein}{section.7.1}% 49
\BOOKMARK [1][]{section.7.2}{7.2 Caso de estudio trivariado: orientaci\363n-longitud-apertura.}{chapter.7}% 50
\BOOKMARK [1][]{section.7.3}{7.3 Resultados y discusi\363n}{chapter.7}% 51
\BOOKMARK [0][]{chapter.8}{8 Conclusiones y trabajo futuro}{}% 52
\BOOKMARK [0][]{appendix.Alph1}{A Teor\355a de la aproximaci\363n de funciones}{}% 53
\BOOKMARK [1][]{section.Alph1.1}{A.1 Curvas de B\351zier}{appendix.Alph1}% 54
\BOOKMARK [0][]{appendix.Alph2}{B Software}{}% 55
\BOOKMARK [1][]{section.Alph2.1}{B.1 Introducci\363n}{appendix.Alph2}% 56
\BOOKMARK [1][]{section.Alph2.2}{B.2 Validaci\363n del software}{appendix.Alph2}% 57
\BOOKMARK [0][]{appendix*.77}{Bibliograf\355a}{}% 58
